2025-11-25 23:01:54,496 - INFO - <BrokerConnection client_id=kafka-python-producer-1, node_id=bootstrap-0 host=localhost:9092 <connecting> [IPv6 ('::1', 9092, 0, 0)]>: connecting to localhost:9092 [('::1', 9092, 0, 0) IPv6]
2025-11-25 23:01:54,533 - INFO - <BrokerConnection client_id=kafka-python-producer-1, node_id=bootstrap-0 host=localhost:9092 <checking_api_versions_recv> [IPv6 ('::1', 9092, 0, 0)]>: Broker version identified as 2.6
2025-11-25 23:01:54,534 - INFO - <BrokerConnection client_id=kafka-python-producer-1, node_id=bootstrap-0 host=localhost:9092 <connected> [IPv6 ('::1', 9092, 0, 0)]>: Connection complete.
2025-11-25 23:01:54,535 - INFO - Successfully connected to kafka producers in localhost:9092
2025-11-25 23:01:54,537 - INFO - <BrokerConnection client_id=kafka-python-producer-1, node_id=bootstrap-0 host=localhost:9092 <connected> [IPv6 ('::1', 9092, 0, 0)]>: Closing connection. 
2025-11-25 23:02:56,175 - INFO - <BrokerConnection client_id=kafka-python-producer-1, node_id=bootstrap-0 host=localhost:9092 <connecting> [IPv6 ('::1', 9092, 0, 0)]>: connecting to localhost:9092 [('::1', 9092, 0, 0) IPv6]
2025-11-25 23:02:56,184 - INFO - <BrokerConnection client_id=kafka-python-producer-1, node_id=bootstrap-0 host=localhost:9092 <checking_api_versions_recv> [IPv6 ('::1', 9092, 0, 0)]>: Broker version identified as 2.6
2025-11-25 23:02:56,184 - INFO - <BrokerConnection client_id=kafka-python-producer-1, node_id=bootstrap-0 host=localhost:9092 <connected> [IPv6 ('::1', 9092, 0, 0)]>: Connection complete.
2025-11-25 23:02:56,186 - INFO - Successfully connected to kafka producers in localhost:9092
2025-11-25 23:06:20,446 - INFO - <BrokerConnection client_id=kafka-python-producer-1, node_id=bootstrap-0 host=localhost:9092 <connecting> [IPv6 ('::1', 9092, 0, 0)]>: connecting to localhost:9092 [('::1', 9092, 0, 0) IPv6]
2025-11-25 23:06:20,453 - INFO - <BrokerConnection client_id=kafka-python-producer-1, node_id=bootstrap-0 host=localhost:9092 <checking_api_versions_recv> [IPv6 ('::1', 9092, 0, 0)]>: Broker version identified as 2.6
2025-11-25 23:06:20,453 - INFO - <BrokerConnection client_id=kafka-python-producer-1, node_id=bootstrap-0 host=localhost:9092 <connected> [IPv6 ('::1', 9092, 0, 0)]>: Connection complete.
2025-11-25 23:06:20,454 - INFO - Successfully connected to kafka producers in localhost:9092
2025-11-26 00:11:06,640 - INFO - <BrokerConnection client_id=kafka-python-producer-1, node_id=bootstrap-0 host=localhost:9092 <connecting> [IPv6 ('::1', 9092, 0, 0)]>: connecting to localhost:9092 [('::1', 9092, 0, 0) IPv6]
2025-11-26 00:11:06,664 - INFO - <BrokerConnection client_id=kafka-python-producer-1, node_id=bootstrap-0 host=localhost:9092 <checking_api_versions_recv> [IPv6 ('::1', 9092, 0, 0)]>: Broker version identified as 2.6
2025-11-26 00:11:06,665 - INFO - <BrokerConnection client_id=kafka-python-producer-1, node_id=bootstrap-0 host=localhost:9092 <connected> [IPv6 ('::1', 9092, 0, 0)]>: Connection complete.
2025-11-26 00:11:06,666 - INFO - Successfully connected to kafka producers in localhost:9092
2025-11-26 00:11:10,542 - WARNING - DNS lookup failed for kafka:9092, exception was [Errno 11001] getaddrinfo failed. Is your advertised.listeners (called advertised.host.name before Kafka 9) correct and resolvable?
2025-11-26 00:11:10,543 - ERROR - <BrokerConnection client_id=kafka-python-producer-1, node_id=1 host=kafka:9092 <connecting> [unspecified None]>: DNS lookup failed for kafka:9092 (0)
2025-11-26 00:11:10,543 - ERROR - <BrokerConnection client_id=kafka-python-producer-1, node_id=1 host=kafka:9092 <connecting> [unspecified None]>: Closing connection. KafkaConnectionError: DNS failure
2025-11-26 00:11:10,543 - WARNING - Node 1 connection failed -- refreshing metadata
2025-11-26 00:11:13,299 - WARNING - DNS lookup failed for kafka:9092, exception was [Errno 11001] getaddrinfo failed. Is your advertised.listeners (called advertised.host.name before Kafka 9) correct and resolvable?
2025-11-26 00:11:13,299 - ERROR - <BrokerConnection client_id=kafka-python-producer-1, node_id=1 host=kafka:9092 <connecting> [unspecified None]>: DNS lookup failed for kafka:9092 (0)
2025-11-26 00:11:13,299 - ERROR - <BrokerConnection client_id=kafka-python-producer-1, node_id=1 host=kafka:9092 <connecting> [unspecified None]>: Closing connection. KafkaConnectionError: DNS failure
2025-11-26 00:11:13,300 - WARNING - Node 1 connection failed -- refreshing metadata
2025-11-26 00:11:16,042 - WARNING - DNS lookup failed for kafka:9092, exception was [Errno 11001] getaddrinfo failed. Is your advertised.listeners (called advertised.host.name before Kafka 9) correct and resolvable?
2025-11-26 00:11:16,042 - ERROR - <BrokerConnection client_id=kafka-python-producer-1, node_id=1 host=kafka:9092 <connecting> [unspecified None]>: DNS lookup failed for kafka:9092 (0)
2025-11-26 00:11:16,042 - ERROR - <BrokerConnection client_id=kafka-python-producer-1, node_id=1 host=kafka:9092 <connecting> [unspecified None]>: Closing connection. KafkaConnectionError: DNS failure
2025-11-26 00:11:16,042 - WARNING - Node 1 connection failed -- refreshing metadata
2025-11-26 00:11:18,797 - WARNING - DNS lookup failed for kafka:9092, exception was [Errno 11001] getaddrinfo failed. Is your advertised.listeners (called advertised.host.name before Kafka 9) correct and resolvable?
2025-11-26 00:11:18,798 - ERROR - <BrokerConnection client_id=kafka-python-producer-1, node_id=1 host=kafka:9092 <connecting> [unspecified None]>: DNS lookup failed for kafka:9092 (0)
2025-11-26 00:11:18,798 - ERROR - <BrokerConnection client_id=kafka-python-producer-1, node_id=1 host=kafka:9092 <connecting> [unspecified None]>: Closing connection. KafkaConnectionError: DNS failure
2025-11-26 00:11:18,798 - WARNING - Node 1 connection failed -- refreshing metadata
2025-11-26 00:11:21,549 - WARNING - DNS lookup failed for kafka:9092, exception was [Errno 11001] getaddrinfo failed. Is your advertised.listeners (called advertised.host.name before Kafka 9) correct and resolvable?
2025-11-26 00:11:21,549 - ERROR - <BrokerConnection client_id=kafka-python-producer-1, node_id=1 host=kafka:9092 <connecting> [unspecified None]>: DNS lookup failed for kafka:9092 (0)
2025-11-26 00:11:21,550 - ERROR - <BrokerConnection client_id=kafka-python-producer-1, node_id=1 host=kafka:9092 <connecting> [unspecified None]>: Closing connection. KafkaConnectionError: DNS failure
2025-11-26 00:11:21,550 - WARNING - Node 1 connection failed -- refreshing metadata
2025-11-26 00:11:24,298 - WARNING - DNS lookup failed for kafka:9092, exception was [Errno 11001] getaddrinfo failed. Is your advertised.listeners (called advertised.host.name before Kafka 9) correct and resolvable?
2025-11-26 00:11:24,298 - ERROR - <BrokerConnection client_id=kafka-python-producer-1, node_id=1 host=kafka:9092 <connecting> [unspecified None]>: DNS lookup failed for kafka:9092 (0)
2025-11-26 00:11:24,299 - ERROR - <BrokerConnection client_id=kafka-python-producer-1, node_id=1 host=kafka:9092 <connecting> [unspecified None]>: Closing connection. KafkaConnectionError: DNS failure
2025-11-26 00:11:24,299 - WARNING - Node 1 connection failed -- refreshing metadata
2025-11-26 00:11:27,070 - WARNING - DNS lookup failed for kafka:9092, exception was [Errno 11001] getaddrinfo failed. Is your advertised.listeners (called advertised.host.name before Kafka 9) correct and resolvable?
2025-11-26 00:11:27,070 - ERROR - <BrokerConnection client_id=kafka-python-producer-1, node_id=1 host=kafka:9092 <connecting> [unspecified None]>: DNS lookup failed for kafka:9092 (0)
2025-11-26 00:11:27,071 - ERROR - <BrokerConnection client_id=kafka-python-producer-1, node_id=1 host=kafka:9092 <connecting> [unspecified None]>: Closing connection. KafkaConnectionError: DNS failure
2025-11-26 00:11:27,071 - WARNING - Node 1 connection failed -- refreshing metadata
2025-11-26 00:11:30,118 - WARNING - DNS lookup failed for kafka:9092, exception was [Errno 11001] getaddrinfo failed. Is your advertised.listeners (called advertised.host.name before Kafka 9) correct and resolvable?
2025-11-26 00:11:30,118 - ERROR - <BrokerConnection client_id=kafka-python-producer-1, node_id=1 host=kafka:9092 <connecting> [unspecified None]>: DNS lookup failed for kafka:9092 (0)
2025-11-26 00:11:30,118 - ERROR - <BrokerConnection client_id=kafka-python-producer-1, node_id=1 host=kafka:9092 <connecting> [unspecified None]>: Closing connection. KafkaConnectionError: DNS failure
2025-11-26 00:11:30,119 - WARNING - Node 1 connection failed -- refreshing metadata
2025-11-26 00:11:37,555 - WARNING - DNS lookup failed for kafka:9092, exception was [Errno 11001] getaddrinfo failed. Is your advertised.listeners (called advertised.host.name before Kafka 9) correct and resolvable?
2025-11-26 00:11:37,555 - ERROR - <BrokerConnection client_id=kafka-python-producer-1, node_id=1 host=kafka:9092 <connecting> [unspecified None]>: DNS lookup failed for kafka:9092 (0)
2025-11-26 00:11:37,556 - ERROR - <BrokerConnection client_id=kafka-python-producer-1, node_id=1 host=kafka:9092 <connecting> [unspecified None]>: Closing connection. KafkaConnectionError: DNS failure
2025-11-26 00:11:37,556 - WARNING - Node 1 connection failed -- refreshing metadata
2025-11-26 00:11:52,539 - WARNING - DNS lookup failed for kafka:9092, exception was [Errno 11001] getaddrinfo failed. Is your advertised.listeners (called advertised.host.name before Kafka 9) correct and resolvable?
2025-11-26 00:11:52,539 - ERROR - <BrokerConnection client_id=kafka-python-producer-1, node_id=1 host=kafka:9092 <connecting> [unspecified None]>: DNS lookup failed for kafka:9092 (0)
2025-11-26 00:11:52,539 - ERROR - <BrokerConnection client_id=kafka-python-producer-1, node_id=1 host=kafka:9092 <connecting> [unspecified None]>: Closing connection. KafkaConnectionError: DNS failure
2025-11-26 00:11:52,540 - WARNING - Node 1 connection failed -- refreshing metadata
2025-11-26 00:12:07,837 - INFO - Events sending stopped by the user.
2025-11-26 00:12:07,838 - INFO - <BrokerConnection client_id=kafka-python-producer-1, node_id=bootstrap-0 host=localhost:9092 <connected> [IPv6 ('::1', 9092, 0, 0)]>: Closing connection. 
2025-11-26 00:13:47,887 - INFO - <BrokerConnection client_id=kafka-python-producer-1, node_id=bootstrap-0 host=localhost:9092 <connecting> [IPv6 ('::1', 9092, 0, 0)]>: connecting to localhost:9092 [('::1', 9092, 0, 0) IPv6]
2025-11-26 00:13:47,896 - INFO - <BrokerConnection client_id=kafka-python-producer-1, node_id=bootstrap-0 host=localhost:9092 <checking_api_versions_recv> [IPv6 ('::1', 9092, 0, 0)]>: Broker version identified as 2.6
2025-11-26 00:13:47,897 - INFO - <BrokerConnection client_id=kafka-python-producer-1, node_id=bootstrap-0 host=localhost:9092 <connected> [IPv6 ('::1', 9092, 0, 0)]>: Connection complete.
2025-11-26 00:13:47,899 - INFO - Successfully connected to kafka producers in localhost:9092
2025-11-26 00:13:51,806 - WARNING - DNS lookup failed for kafka:9092, exception was [Errno 11001] getaddrinfo failed. Is your advertised.listeners (called advertised.host.name before Kafka 9) correct and resolvable?
2025-11-26 00:13:51,806 - ERROR - <BrokerConnection client_id=kafka-python-producer-1, node_id=1 host=kafka:9092 <connecting> [unspecified None]>: DNS lookup failed for kafka:9092 (0)
2025-11-26 00:13:51,807 - ERROR - <BrokerConnection client_id=kafka-python-producer-1, node_id=1 host=kafka:9092 <connecting> [unspecified None]>: Closing connection. KafkaConnectionError: DNS failure
2025-11-26 00:13:51,808 - WARNING - Node 1 connection failed -- refreshing metadata
2025-11-26 00:13:54,566 - WARNING - DNS lookup failed for kafka:9092, exception was [Errno 11001] getaddrinfo failed. Is your advertised.listeners (called advertised.host.name before Kafka 9) correct and resolvable?
2025-11-26 00:13:54,567 - ERROR - <BrokerConnection client_id=kafka-python-producer-1, node_id=1 host=kafka:9092 <connecting> [unspecified None]>: DNS lookup failed for kafka:9092 (0)
2025-11-26 00:13:54,568 - ERROR - <BrokerConnection client_id=kafka-python-producer-1, node_id=1 host=kafka:9092 <connecting> [unspecified None]>: Closing connection. KafkaConnectionError: DNS failure
2025-11-26 00:13:54,568 - WARNING - Node 1 connection failed -- refreshing metadata
2025-11-26 00:13:57,322 - WARNING - DNS lookup failed for kafka:9092, exception was [Errno 11001] getaddrinfo failed. Is your advertised.listeners (called advertised.host.name before Kafka 9) correct and resolvable?
2025-11-26 00:13:57,323 - ERROR - <BrokerConnection client_id=kafka-python-producer-1, node_id=1 host=kafka:9092 <connecting> [unspecified None]>: DNS lookup failed for kafka:9092 (0)
2025-11-26 00:13:57,323 - ERROR - <BrokerConnection client_id=kafka-python-producer-1, node_id=1 host=kafka:9092 <connecting> [unspecified None]>: Closing connection. KafkaConnectionError: DNS failure
2025-11-26 00:13:57,323 - WARNING - Node 1 connection failed -- refreshing metadata
2025-11-26 00:14:00,054 - WARNING - DNS lookup failed for kafka:9092, exception was [Errno 11001] getaddrinfo failed. Is your advertised.listeners (called advertised.host.name before Kafka 9) correct and resolvable?
2025-11-26 00:14:00,054 - ERROR - <BrokerConnection client_id=kafka-python-producer-1, node_id=1 host=kafka:9092 <connecting> [unspecified None]>: DNS lookup failed for kafka:9092 (0)
2025-11-26 00:14:00,054 - ERROR - <BrokerConnection client_id=kafka-python-producer-1, node_id=1 host=kafka:9092 <connecting> [unspecified None]>: Closing connection. KafkaConnectionError: DNS failure
2025-11-26 00:14:00,054 - WARNING - Node 1 connection failed -- refreshing metadata
2025-11-26 00:14:02,793 - WARNING - DNS lookup failed for kafka:9092, exception was [Errno 11001] getaddrinfo failed. Is your advertised.listeners (called advertised.host.name before Kafka 9) correct and resolvable?
2025-11-26 00:14:02,793 - ERROR - <BrokerConnection client_id=kafka-python-producer-1, node_id=1 host=kafka:9092 <connecting> [unspecified None]>: DNS lookup failed for kafka:9092 (0)
2025-11-26 00:14:02,793 - ERROR - <BrokerConnection client_id=kafka-python-producer-1, node_id=1 host=kafka:9092 <connecting> [unspecified None]>: Closing connection. KafkaConnectionError: DNS failure
2025-11-26 00:14:02,793 - WARNING - Node 1 connection failed -- refreshing metadata
2025-11-26 00:14:05,529 - WARNING - DNS lookup failed for kafka:9092, exception was [Errno 11001] getaddrinfo failed. Is your advertised.listeners (called advertised.host.name before Kafka 9) correct and resolvable?
2025-11-26 00:14:05,529 - ERROR - <BrokerConnection client_id=kafka-python-producer-1, node_id=1 host=kafka:9092 <connecting> [unspecified None]>: DNS lookup failed for kafka:9092 (0)
2025-11-26 00:14:05,530 - ERROR - <BrokerConnection client_id=kafka-python-producer-1, node_id=1 host=kafka:9092 <connecting> [unspecified None]>: Closing connection. KafkaConnectionError: DNS failure
2025-11-26 00:14:05,530 - WARNING - Node 1 connection failed -- refreshing metadata
2025-11-26 00:14:08,274 - WARNING - DNS lookup failed for kafka:9092, exception was [Errno 11001] getaddrinfo failed. Is your advertised.listeners (called advertised.host.name before Kafka 9) correct and resolvable?
2025-11-26 00:14:08,274 - ERROR - <BrokerConnection client_id=kafka-python-producer-1, node_id=1 host=kafka:9092 <connecting> [unspecified None]>: DNS lookup failed for kafka:9092 (0)
2025-11-26 00:14:08,274 - ERROR - <BrokerConnection client_id=kafka-python-producer-1, node_id=1 host=kafka:9092 <connecting> [unspecified None]>: Closing connection. KafkaConnectionError: DNS failure
2025-11-26 00:14:08,275 - WARNING - Node 1 connection failed -- refreshing metadata
2025-11-26 00:14:11,377 - WARNING - DNS lookup failed for kafka:9092, exception was [Errno 11001] getaddrinfo failed. Is your advertised.listeners (called advertised.host.name before Kafka 9) correct and resolvable?
2025-11-26 00:14:11,377 - ERROR - <BrokerConnection client_id=kafka-python-producer-1, node_id=1 host=kafka:9092 <connecting> [unspecified None]>: DNS lookup failed for kafka:9092 (0)
2025-11-26 00:14:11,377 - ERROR - <BrokerConnection client_id=kafka-python-producer-1, node_id=1 host=kafka:9092 <connecting> [unspecified None]>: Closing connection. KafkaConnectionError: DNS failure
2025-11-26 00:14:11,378 - WARNING - Node 1 connection failed -- refreshing metadata
2025-11-26 00:14:16,627 - WARNING - DNS lookup failed for kafka:9092, exception was [Errno 11001] getaddrinfo failed. Is your advertised.listeners (called advertised.host.name before Kafka 9) correct and resolvable?
2025-11-26 00:14:16,627 - ERROR - <BrokerConnection client_id=kafka-python-producer-1, node_id=1 host=kafka:9092 <connecting> [unspecified None]>: DNS lookup failed for kafka:9092 (0)
2025-11-26 00:14:16,627 - ERROR - <BrokerConnection client_id=kafka-python-producer-1, node_id=1 host=kafka:9092 <connecting> [unspecified None]>: Closing connection. KafkaConnectionError: DNS failure
2025-11-26 00:14:16,627 - WARNING - Node 1 connection failed -- refreshing metadata
2025-11-26 00:14:27,913 - WARNING - DNS lookup failed for kafka:9092, exception was [Errno 11001] getaddrinfo failed. Is your advertised.listeners (called advertised.host.name before Kafka 9) correct and resolvable?
2025-11-26 00:14:27,913 - ERROR - <BrokerConnection client_id=kafka-python-producer-1, node_id=1 host=kafka:9092 <connecting> [unspecified None]>: DNS lookup failed for kafka:9092 (0)
2025-11-26 00:14:27,914 - ERROR - <BrokerConnection client_id=kafka-python-producer-1, node_id=1 host=kafka:9092 <connecting> [unspecified None]>: Closing connection. KafkaConnectionError: DNS failure
2025-11-26 00:14:27,914 - WARNING - Node 1 connection failed -- refreshing metadata
2025-11-26 00:14:48,471 - WARNING - DNS lookup failed for kafka:9092, exception was [Errno 11001] getaddrinfo failed. Is your advertised.listeners (called advertised.host.name before Kafka 9) correct and resolvable?
2025-11-26 00:14:48,472 - ERROR - <BrokerConnection client_id=kafka-python-producer-1, node_id=1 host=kafka:9092 <connecting> [unspecified None]>: DNS lookup failed for kafka:9092 (0)
2025-11-26 00:14:48,472 - ERROR - <BrokerConnection client_id=kafka-python-producer-1, node_id=1 host=kafka:9092 <connecting> [unspecified None]>: Closing connection. KafkaConnectionError: DNS failure
2025-11-26 00:14:48,473 - WARNING - Node 1 connection failed -- refreshing metadata
2025-11-26 00:18:31,420 - INFO - <BrokerConnection client_id=kafka-python-producer-1, node_id=bootstrap-0 host=localhost:29092 <connecting> [IPv6 ('::1', 29092, 0, 0)]>: connecting to localhost:29092 [('::1', 29092, 0, 0) IPv6]
2025-11-26 00:18:31,430 - INFO - <BrokerConnection client_id=kafka-python-producer-1, node_id=bootstrap-0 host=localhost:29092 <checking_api_versions_recv> [IPv6 ('::1', 29092, 0, 0)]>: Broker version identified as 2.6
2025-11-26 00:18:31,431 - INFO - <BrokerConnection client_id=kafka-python-producer-1, node_id=bootstrap-0 host=localhost:29092 <connected> [IPv6 ('::1', 29092, 0, 0)]>: Connection complete.
2025-11-26 00:18:31,432 - INFO - Successfully connected to kafka producers in localhost:29092
2025-11-26 00:18:32,586 - INFO - <BrokerConnection client_id=kafka-python-producer-1, node_id=1 host=localhost:29092 <connecting> [IPv6 ('::1', 29092, 0, 0)]>: connecting to localhost:29092 [('::1', 29092, 0, 0) IPv6]
2025-11-26 00:18:32,588 - INFO - <BrokerConnection client_id=kafka-python-producer-1, node_id=1 host=localhost:29092 <connected> [IPv6 ('::1', 29092, 0, 0)]>: Connection complete.
2025-11-26 00:18:32,588 - INFO - <BrokerConnection client_id=kafka-python-producer-1, node_id=bootstrap-0 host=localhost:29092 <connected> [IPv6 ('::1', 29092, 0, 0)]>: Closing connection. 
2025-11-26 00:18:32,602 - ERROR - Topic transportation-stats not found in cluster metadata
2025-11-26 00:25:44,215 - INFO - <BrokerConnection client_id=kafka-python-producer-1, node_id=bootstrap-0 host=localhost:29092 <connecting> [IPv6 ('::1', 29092, 0, 0)]>: connecting to localhost:29092 [('::1', 29092, 0, 0) IPv6]
2025-11-26 00:25:44,233 - INFO - <BrokerConnection client_id=kafka-python-producer-1, node_id=bootstrap-0 host=localhost:29092 <checking_api_versions_recv> [IPv6 ('::1', 29092, 0, 0)]>: Broker version identified as 2.6
2025-11-26 00:25:44,234 - INFO - <BrokerConnection client_id=kafka-python-producer-1, node_id=bootstrap-0 host=localhost:29092 <connected> [IPv6 ('::1', 29092, 0, 0)]>: Connection complete.
2025-11-26 00:25:44,236 - INFO - Successfully connected to kafka producers in localhost:29092
2025-11-26 00:26:19,129 - INFO - <BrokerConnection client_id=kafka-python-producer-1, node_id=bootstrap-0 host=localhost:29092 <connecting> [IPv6 ('::1', 29092, 0, 0)]>: connecting to localhost:29092 [('::1', 29092, 0, 0) IPv6]
2025-11-26 00:26:19,136 - INFO - <BrokerConnection client_id=kafka-python-producer-1, node_id=bootstrap-0 host=localhost:29092 <checking_api_versions_recv> [IPv6 ('::1', 29092, 0, 0)]>: Broker version identified as 2.6
2025-11-26 00:26:19,137 - INFO - <BrokerConnection client_id=kafka-python-producer-1, node_id=bootstrap-0 host=localhost:29092 <connected> [IPv6 ('::1', 29092, 0, 0)]>: Connection complete.
2025-11-26 00:26:19,138 - INFO - Successfully connected to kafka producers in localhost:29092
2025-11-26 00:26:29,749 - INFO - <BrokerConnection client_id=kafka-python-producer-1, node_id=bootstrap-0 host=localhost:29092 <connecting> [IPv6 ('::1', 29092, 0, 0)]>: connecting to localhost:29092 [('::1', 29092, 0, 0) IPv6]
2025-11-26 00:26:29,756 - INFO - <BrokerConnection client_id=kafka-python-producer-1, node_id=bootstrap-0 host=localhost:29092 <checking_api_versions_recv> [IPv6 ('::1', 29092, 0, 0)]>: Broker version identified as 2.6
2025-11-26 00:26:29,756 - INFO - <BrokerConnection client_id=kafka-python-producer-1, node_id=bootstrap-0 host=localhost:29092 <connected> [IPv6 ('::1', 29092, 0, 0)]>: Connection complete.
2025-11-26 00:26:29,758 - INFO - Successfully connected to kafka producers in localhost:29092
2025-11-26 00:26:31,175 - INFO - <BrokerConnection client_id=kafka-python-producer-1, node_id=1 host=localhost:29092 <connecting> [IPv6 ('::1', 29092, 0, 0)]>: connecting to localhost:29092 [('::1', 29092, 0, 0) IPv6]
2025-11-26 00:26:31,176 - INFO - <BrokerConnection client_id=kafka-python-producer-1, node_id=1 host=localhost:29092 <connected> [IPv6 ('::1', 29092, 0, 0)]>: Connection complete.
2025-11-26 00:26:31,176 - INFO - <BrokerConnection client_id=kafka-python-producer-1, node_id=bootstrap-0 host=localhost:29092 <connected> [IPv6 ('::1', 29092, 0, 0)]>: Closing connection. 
2025-11-26 00:27:19,825 - INFO - <BrokerConnection client_id=kafka-python-producer-1, node_id=bootstrap-0 host=localhost:29092 <connecting> [IPv6 ('::1', 29092, 0, 0)]>: connecting to localhost:29092 [('::1', 29092, 0, 0) IPv6]
2025-11-26 00:27:19,832 - INFO - <BrokerConnection client_id=kafka-python-producer-1, node_id=bootstrap-0 host=localhost:29092 <checking_api_versions_recv> [IPv6 ('::1', 29092, 0, 0)]>: Broker version identified as 2.6
2025-11-26 00:27:19,833 - INFO - <BrokerConnection client_id=kafka-python-producer-1, node_id=bootstrap-0 host=localhost:29092 <connected> [IPv6 ('::1', 29092, 0, 0)]>: Connection complete.
2025-11-26 00:27:19,834 - INFO - Successfully connected to kafka producers in localhost:29092
2025-11-26 00:27:21,653 - INFO - <BrokerConnection client_id=kafka-python-producer-1, node_id=1 host=localhost:29092 <connecting> [IPv6 ('::1', 29092, 0, 0)]>: connecting to localhost:29092 [('::1', 29092, 0, 0) IPv6]
2025-11-26 00:27:21,654 - INFO - <BrokerConnection client_id=kafka-python-producer-1, node_id=1 host=localhost:29092 <connected> [IPv6 ('::1', 29092, 0, 0)]>: Connection complete.
2025-11-26 00:27:21,655 - INFO - <BrokerConnection client_id=kafka-python-producer-1, node_id=bootstrap-0 host=localhost:29092 <connected> [IPv6 ('::1', 29092, 0, 0)]>: Closing connection. 
2025-11-26 00:48:42,757 - INFO - <BrokerConnection client_id=kafka-python-producer-1, node_id=bootstrap-0 host=localhost:29092 <connecting> [IPv6 ('::1', 29092, 0, 0)]>: connecting to localhost:29092 [('::1', 29092, 0, 0) IPv6]
2025-11-26 00:48:42,793 - INFO - <BrokerConnection client_id=kafka-python-producer-1, node_id=bootstrap-0 host=localhost:29092 <checking_api_versions_recv> [IPv6 ('::1', 29092, 0, 0)]>: Broker version identified as 2.6
2025-11-26 00:48:42,794 - INFO - <BrokerConnection client_id=kafka-python-producer-1, node_id=bootstrap-0 host=localhost:29092 <connected> [IPv6 ('::1', 29092, 0, 0)]>: Connection complete.
2025-11-26 00:48:42,796 - INFO - Successfully connected to kafka producers in localhost:29092
2025-11-26 00:48:56,711 - INFO - <BrokerConnection client_id=kafka-python-producer-1, node_id=bootstrap-0 host=localhost:29092 <connecting> [IPv6 ('::1', 29092, 0, 0)]>: connecting to localhost:29092 [('::1', 29092, 0, 0) IPv6]
2025-11-26 00:48:56,719 - INFO - <BrokerConnection client_id=kafka-python-producer-1, node_id=bootstrap-0 host=localhost:29092 <checking_api_versions_recv> [IPv6 ('::1', 29092, 0, 0)]>: Broker version identified as 2.6
2025-11-26 00:48:56,720 - INFO - <BrokerConnection client_id=kafka-python-producer-1, node_id=bootstrap-0 host=localhost:29092 <connected> [IPv6 ('::1', 29092, 0, 0)]>: Connection complete.
2025-11-26 00:48:56,721 - INFO - Successfully connected to kafka producers in localhost:29092
2025-11-26 00:49:04,799 - INFO - <BrokerConnection client_id=kafka-python-producer-1, node_id=bootstrap-0 host=localhost:29092 <connecting> [IPv6 ('::1', 29092, 0, 0)]>: connecting to localhost:29092 [('::1', 29092, 0, 0) IPv6]
2025-11-26 00:49:04,805 - INFO - <BrokerConnection client_id=kafka-python-producer-1, node_id=bootstrap-0 host=localhost:29092 <checking_api_versions_recv> [IPv6 ('::1', 29092, 0, 0)]>: Broker version identified as 2.6
2025-11-26 00:49:04,806 - INFO - <BrokerConnection client_id=kafka-python-producer-1, node_id=bootstrap-0 host=localhost:29092 <connected> [IPv6 ('::1', 29092, 0, 0)]>: Connection complete.
2025-11-26 00:49:04,807 - INFO - Successfully connected to kafka producers in localhost:29092
2025-11-26 00:49:05,988 - INFO - <BrokerConnection client_id=kafka-python-producer-1, node_id=1 host=localhost:29092 <connecting> [IPv6 ('::1', 29092, 0, 0)]>: connecting to localhost:29092 [('::1', 29092, 0, 0) IPv6]
2025-11-26 00:49:05,989 - INFO - <BrokerConnection client_id=kafka-python-producer-1, node_id=1 host=localhost:29092 <connected> [IPv6 ('::1', 29092, 0, 0)]>: Connection complete.
2025-11-26 00:49:05,990 - INFO - <BrokerConnection client_id=kafka-python-producer-1, node_id=bootstrap-0 host=localhost:29092 <connected> [IPv6 ('::1', 29092, 0, 0)]>: Closing connection. 
2025-11-26 00:52:51,431 - INFO - <BrokerConnection client_id=kafka-python-producer-1, node_id=bootstrap-0 host=localhost:29092 <connecting> [IPv6 ('::1', 29092, 0, 0)]>: connecting to localhost:29092 [('::1', 29092, 0, 0) IPv6]
2025-11-26 00:52:51,440 - INFO - <BrokerConnection client_id=kafka-python-producer-1, node_id=bootstrap-0 host=localhost:29092 <checking_api_versions_recv> [IPv6 ('::1', 29092, 0, 0)]>: Broker version identified as 2.6
2025-11-26 00:52:51,441 - INFO - <BrokerConnection client_id=kafka-python-producer-1, node_id=bootstrap-0 host=localhost:29092 <connected> [IPv6 ('::1', 29092, 0, 0)]>: Connection complete.
2025-11-26 00:52:51,442 - INFO - Successfully connected to kafka producers in localhost:29092
2025-11-26 00:52:52,554 - INFO - <BrokerConnection client_id=kafka-python-producer-1, node_id=1 host=localhost:29092 <connecting> [IPv6 ('::1', 29092, 0, 0)]>: connecting to localhost:29092 [('::1', 29092, 0, 0) IPv6]
2025-11-26 00:52:52,555 - INFO - <BrokerConnection client_id=kafka-python-producer-1, node_id=1 host=localhost:29092 <connected> [IPv6 ('::1', 29092, 0, 0)]>: Connection complete.
2025-11-26 00:52:52,556 - INFO - <BrokerConnection client_id=kafka-python-producer-1, node_id=bootstrap-0 host=localhost:29092 <connected> [IPv6 ('::1', 29092, 0, 0)]>: Closing connection. 
2025-11-26 00:52:52,560 - ERROR - Failed to sent the event to the topic transportation-stats due to 
2025-11-26 00:52:54,257 - ERROR - Failed to sent the event to the topic transportation-stats due to 
2025-11-26 00:52:55,863 - ERROR - Failed to sent the event to the topic transportation-stats due to 
2025-11-26 00:52:57,308 - ERROR - Failed to sent the event to the topic transportation-stats due to 
2025-11-26 00:52:58,744 - ERROR - Failed to sent the event to the topic transportation-stats due to 
2025-11-26 00:53:00,278 - ERROR - Failed to sent the event to the topic transportation-stats due to 
2025-11-26 00:53:01,785 - ERROR - Failed to sent the event to the topic transportation-stats due to 
2025-11-26 00:53:03,203 - ERROR - Failed to sent the event to the topic transportation-stats due to 
2025-11-26 00:53:03,705 - INFO - <BrokerConnection client_id=kafka-python-producer-1, node_id=1 host=localhost:29092 <connected> [IPv6 ('::1', 29092, 0, 0)]>: Closing connection. 
2025-11-26 00:53:57,795 - INFO - <BrokerConnection client_id=kafka-python-producer-1, node_id=bootstrap-0 host=localhost:29092 <connecting> [IPv6 ('::1', 29092, 0, 0)]>: connecting to localhost:29092 [('::1', 29092, 0, 0) IPv6]
2025-11-26 00:53:57,803 - INFO - <BrokerConnection client_id=kafka-python-producer-1, node_id=bootstrap-0 host=localhost:29092 <checking_api_versions_recv> [IPv6 ('::1', 29092, 0, 0)]>: Broker version identified as 2.6
2025-11-26 00:53:57,804 - INFO - <BrokerConnection client_id=kafka-python-producer-1, node_id=bootstrap-0 host=localhost:29092 <connected> [IPv6 ('::1', 29092, 0, 0)]>: Connection complete.
2025-11-26 00:53:57,805 - INFO - Successfully connected to kafka producers in localhost:29092
2025-11-26 01:12:10,510 - INFO - <BrokerConnection client_id=kafka-python-producer-1, node_id=bootstrap-0 host=localhost:29092 <connecting> [IPv6 ('::1', 29092, 0, 0)]>: connecting to localhost:29092 [('::1', 29092, 0, 0) IPv6]
2025-11-26 01:12:10,535 - INFO - <BrokerConnection client_id=kafka-python-producer-1, node_id=bootstrap-0 host=localhost:29092 <checking_api_versions_recv> [IPv6 ('::1', 29092, 0, 0)]>: Broker version identified as 2.6
2025-11-26 01:12:10,536 - INFO - <BrokerConnection client_id=kafka-python-producer-1, node_id=bootstrap-0 host=localhost:29092 <connected> [IPv6 ('::1', 29092, 0, 0)]>: Connection complete.
2025-11-26 01:12:10,537 - INFO - Successfully connected to kafka producers in localhost:29092
2025-11-26 01:12:11,845 - INFO - <BrokerConnection client_id=kafka-python-producer-1, node_id=1 host=localhost:29092 <connecting> [IPv6 ('::1', 29092, 0, 0)]>: connecting to localhost:29092 [('::1', 29092, 0, 0) IPv6]
2025-11-26 01:12:11,846 - INFO - <BrokerConnection client_id=kafka-python-producer-1, node_id=1 host=localhost:29092 <connected> [IPv6 ('::1', 29092, 0, 0)]>: Connection complete.
2025-11-26 01:12:11,846 - INFO - <BrokerConnection client_id=kafka-python-producer-1, node_id=bootstrap-0 host=localhost:29092 <connected> [IPv6 ('::1', 29092, 0, 0)]>: Closing connection. 
2025-11-26 01:16:05,343 - INFO - <BrokerConnection client_id=kafka-python-producer-1, node_id=bootstrap-0 host=localhost:29092 <connecting> [IPv6 ('::1', 29092, 0, 0)]>: connecting to localhost:29092 [('::1', 29092, 0, 0) IPv6]
2025-11-26 01:16:05,359 - INFO - <BrokerConnection client_id=kafka-python-producer-1, node_id=bootstrap-0 host=localhost:29092 <checking_api_versions_recv> [IPv6 ('::1', 29092, 0, 0)]>: Broker version identified as 2.6
2025-11-26 01:16:05,360 - INFO - <BrokerConnection client_id=kafka-python-producer-1, node_id=bootstrap-0 host=localhost:29092 <connected> [IPv6 ('::1', 29092, 0, 0)]>: Connection complete.
2025-11-26 01:16:05,361 - INFO - Successfully connected to kafka producers in localhost:29092
2025-11-26 01:16:06,471 - INFO - <BrokerConnection client_id=kafka-python-producer-1, node_id=1 host=localhost:29092 <connecting> [IPv6 ('::1', 29092, 0, 0)]>: connecting to localhost:29092 [('::1', 29092, 0, 0) IPv6]
2025-11-26 01:16:06,473 - INFO - <BrokerConnection client_id=kafka-python-producer-1, node_id=1 host=localhost:29092 <connected> [IPv6 ('::1', 29092, 0, 0)]>: Connection complete.
2025-11-26 01:16:06,473 - INFO - <BrokerConnection client_id=kafka-python-producer-1, node_id=bootstrap-0 host=localhost:29092 <connected> [IPv6 ('::1', 29092, 0, 0)]>: Closing connection. 
2025-11-26 01:16:06,478 - INFO - Event sent with the following information: {'transaction_id': 'cb19c69f-f620-4aeb-8e17-c1247fb26f79', 'transaction_date': '2023/07/26', 'transaction_time': '05:22:57', 'is_va_y_ven_system': True, 'service_provider': 'Va-y-Ven (ATY)', 'routes_vayven': 'Ie-Tram Corridor', 'routes_alt': 'Urban/Feeder Route', 'route_type': 'Ie-Tram Corridor', 'boarding_area': 'East Zone (Vergel/Kanasín)', 'alighting_area': 'Centro (Downtown)', 'payment_method': 'Card', 'fare_type': 'Student/Senior/Disability', 'alt_fare_amount': 0, 'fare_amount_mxn': 0, 'trip_duration_minutes': 32, 'is_peak_hour': False, 'passenger_count': 58}
2025-11-26 01:16:08,339 - INFO - Event sent with the following information: {'transaction_id': '5204b0d5-2ada-46b7-908c-c7ba15bcd638', 'transaction_date': '2022/03/20', 'transaction_time': '07:56:19', 'is_va_y_ven_system': True, 'service_provider': 'Va-y-Ven (ATY)', 'routes_vayven': 'Urban/Metropolitan Circuito', 'routes_alt': 'Urban/Feeder Route', 'route_type': 'Urban/Metropolitan Circuito', 'boarding_area': 'Circuito Route Stop', 'alighting_area': 'East Zone (Vergel/Kanasín)', 'payment_method': 'QR', 'fare_type': 'Regular', 'alt_fare_amount': 5, 'fare_amount_mxn': 12, 'trip_duration_minutes': 52, 'is_peak_hour': False, 'passenger_count': 44}
2025-11-26 01:16:09,981 - INFO - Event sent with the following information: {'transaction_id': 'ffa66b3f-acfa-44ff-977a-2f1a4fa31561', 'transaction_date': '2024/01/16', 'transaction_time': '21:21:47', 'is_va_y_ven_system': True, 'service_provider': 'Va-y-Ven (ATY)', 'routes_vayven': 'Ie-Tram Corridor', 'routes_alt': 'Suburban/Connecting Route', 'route_type': 'Ie-Tram Corridor', 'boarding_area': 'North Zone (Altabrisa/Montejo)', 'alighting_area': 'North Zone (Altabrisa/Montejo)', 'payment_method': 'QR', 'fare_type': 'Student/Senior/Disability', 'alt_fare_amount': 5, 'fare_amount_mxn': 5, 'trip_duration_minutes': 22, 'is_peak_hour': False, 'passenger_count': 11}
2025-11-26 01:16:11,587 - INFO - Event sent with the following information: {'transaction_id': '43401af5-81f6-4ee7-bf06-0c2bf3aaad25', 'transaction_date': '2021/03/11', 'transaction_time': '16:59:20', 'is_va_y_ven_system': False, 'service_provider': 'Traditional Bus Company', 'routes_vayven': 'Ie-Tram Corridor', 'routes_alt': 'Suburban/Connecting Route', 'route_type': 'Suburban/Connecting Route', 'boarding_area': 'North Zone (Altabrisa/Montejo)', 'alighting_area': 'East Zone (Vergel/Kanasín)', 'payment_method': 'QR', 'fare_type': 'Student/Senior/Disability', 'alt_fare_amount': 5, 'fare_amount_mxn': 5, 'trip_duration_minutes': 103, 'is_peak_hour': False, 'passenger_count': 1}
2025-11-26 01:16:13,396 - INFO - Event sent with the following information: {'transaction_id': 'fcf510cb-e6fd-46c7-be09-062e7f90ed02', 'transaction_date': '2021/12/05', 'transaction_time': '22:10:09', 'is_va_y_ven_system': True, 'service_provider': 'Va-y-Ven (ATY)', 'routes_vayven': 'Urban/Metropolitan Circuito', 'routes_alt': 'Suburban/Connecting Route', 'route_type': 'Urban/Metropolitan Circuito', 'boarding_area': 'South Zone (Emiliano Zapata Sur/San Haroldo)', 'alighting_area': 'University/School/Work Area', 'payment_method': 'QR', 'fare_type': 'Regular', 'alt_fare_amount': 2.5, 'fare_amount_mxn': 12, 'trip_duration_minutes': 83, 'is_peak_hour': False, 'passenger_count': 40}
2025-11-26 01:16:14,959 - INFO - Event sent with the following information: {'transaction_id': 'bc816bfc-e809-46ca-922d-09dca05b340e', 'transaction_date': '2021/07/09', 'transaction_time': '15:32:57', 'is_va_y_ven_system': False, 'service_provider': 'Traditional Bus Company', 'routes_vayven': 'Ie-Tram Corridor', 'routes_alt': 'Suburban/Connecting Route', 'route_type': 'Suburban/Connecting Route', 'boarding_area': 'North Zone (Altabrisa/Montejo)', 'alighting_area': 'West Zone (Caucel/Juan Pablo II)', 'payment_method': 'Card', 'fare_type': 'Regular', 'alt_fare_amount': 2.5, 'fare_amount_mxn': 12, 'trip_duration_minutes': 94, 'is_peak_hour': False, 'passenger_count': 1}
2025-11-26 01:16:16,705 - INFO - Event sent with the following information: {'transaction_id': 'aa912fa4-474d-4ac5-abc7-cbc137bedeac', 'transaction_date': '2022/10/22', 'transaction_time': '05:21:14', 'is_va_y_ven_system': True, 'service_provider': 'Va-y-Ven (ATY)', 'routes_vayven': 'Ie-Tram Corridor', 'routes_alt': 'Urban/Feeder Route', 'route_type': 'Ie-Tram Corridor', 'boarding_area': 'South Zone (Emiliano Zapata Sur/San Haroldo)', 'alighting_area': 'East Zone (Vergel/Kanasín)', 'payment_method': 'QR', 'fare_type': 'Student/Senior/Disability', 'alt_fare_amount': 5, 'fare_amount_mxn': 5, 'trip_duration_minutes': 40, 'is_peak_hour': False, 'passenger_count': 61}
2025-11-26 01:16:18,313 - INFO - Event sent with the following information: {'transaction_id': '1d340ab1-be05-46e9-ab4b-120fec513dc6', 'transaction_date': '2025/06/20', 'transaction_time': '05:49:55', 'is_va_y_ven_system': True, 'service_provider': 'Va-y-Ven (ATY)', 'routes_vayven': 'Ie-Tram Corridor', 'routes_alt': 'Suburban/Connecting Route', 'route_type': 'Ie-Tram Corridor', 'boarding_area': 'North Zone (Altabrisa/Montejo)', 'alighting_area': 'East Zone (Vergel/Kanasín)', 'payment_method': 'Card', 'fare_type': 'Student/Senior/Disability', 'alt_fare_amount': 2.5, 'fare_amount_mxn': 2.5, 'trip_duration_minutes': 32, 'is_peak_hour': False, 'passenger_count': 60}
2025-11-26 03:16:07,154 - INFO - <BrokerConnection client_id=kafka-python-producer-1, node_id=bootstrap-0 host=localhost:29092 <connecting> [IPv6 ('::1', 29092, 0, 0)]>: connecting to localhost:29092 [('::1', 29092, 0, 0) IPv6]
2025-11-26 03:16:07,161 - INFO - <BrokerConnection client_id=kafka-python-producer-1, node_id=bootstrap-0 host=localhost:29092 <checking_api_versions_recv> [IPv6 ('::1', 29092, 0, 0)]>: Broker version identified as 2.6
2025-11-26 03:16:07,162 - INFO - <BrokerConnection client_id=kafka-python-producer-1, node_id=bootstrap-0 host=localhost:29092 <connected> [IPv6 ('::1', 29092, 0, 0)]>: Connection complete.
2025-11-26 03:16:07,163 - INFO - Successfully connected to kafka producers in localhost:29092
2025-11-26 03:16:08,500 - INFO - <BrokerConnection client_id=kafka-python-producer-1, node_id=1 host=localhost:29092 <connecting> [IPv6 ('::1', 29092, 0, 0)]>: connecting to localhost:29092 [('::1', 29092, 0, 0) IPv6]
2025-11-26 03:16:08,501 - INFO - <BrokerConnection client_id=kafka-python-producer-1, node_id=1 host=localhost:29092 <connected> [IPv6 ('::1', 29092, 0, 0)]>: Connection complete.
2025-11-26 03:16:08,502 - INFO - <BrokerConnection client_id=kafka-python-producer-1, node_id=bootstrap-0 host=localhost:29092 <connected> [IPv6 ('::1', 29092, 0, 0)]>: Closing connection. 
2025-11-26 03:16:08,505 - INFO - Event sent with the following information: {'transaction_id': 'fb595162-fdac-4ca8-93e2-2659b55733a9', 'transaction_date': '2022/09/20', 'transaction_time': '13:21:24', 'is_va_y_ven_system': True, 'service_provider': 'Va-y-Ven (ATY)', 'routes_vayven': 'Ie-Tram Corridor', 'routes_alt': 'Suburban/Connecting Route', 'route_type': 'Ie-Tram Corridor', 'boarding_area': 'West Zone (Caucel/Juan Pablo II)', 'alighting_area': 'Centro (Downtown)', 'payment_method': 'QR', 'fare_type': 'Student/Senior/Disability', 'alt_fare_amount': 0, 'fare_amount_mxn': 0, 'trip_duration_minutes': 40, 'is_peak_hour': False, 'passenger_count': 14}
2025-11-26 03:16:10,233 - INFO - Event sent with the following information: {'transaction_id': 'e83fcfb7-3084-4342-adc7-d97bed0c3bdc', 'transaction_date': '2024/05/21', 'transaction_time': '05:50:07', 'is_va_y_ven_system': True, 'service_provider': 'Va-y-Ven (ATY)', 'routes_vayven': 'Urban/Metropolitan Circuito', 'routes_alt': 'Urban/Feeder Route', 'route_type': 'Urban/Metropolitan Circuito', 'boarding_area': 'Centro (Downtown)', 'alighting_area': 'East Zone (Vergel/Kanasín)', 'payment_method': 'QR', 'fare_type': 'Regular', 'alt_fare_amount': 2.5, 'fare_amount_mxn': 12, 'trip_duration_minutes': 63, 'is_peak_hour': False, 'passenger_count': 81}
2025-11-26 03:16:11,806 - INFO - Event sent with the following information: {'transaction_id': '5d5724a7-c516-4c11-b81a-e6a00e1a5d39', 'transaction_date': '2025/10/27', 'transaction_time': '10:28:10', 'is_va_y_ven_system': True, 'service_provider': 'Va-y-Ven (ATY)', 'routes_vayven': 'Ie-Tram Corridor', 'routes_alt': 'Suburban/Connecting Route', 'route_type': 'Ie-Tram Corridor', 'boarding_area': 'North Zone (Altabrisa/Montejo)', 'alighting_area': 'University/School/Work Area', 'payment_method': 'QR', 'fare_type': 'Student/Senior/Disability', 'alt_fare_amount': 2.5, 'fare_amount_mxn': 2.5, 'trip_duration_minutes': 31, 'is_peak_hour': False, 'passenger_count': 14}
2025-11-26 03:16:13,372 - INFO - Event sent with the following information: {'transaction_id': '502d39ed-e888-4ccb-a673-5bb0a901a35a', 'transaction_date': '2023/12/20', 'transaction_time': '17:01:06', 'is_va_y_ven_system': True, 'service_provider': 'Va-y-Ven (ATY)', 'routes_vayven': 'Urban/Metropolitan Circuito', 'routes_alt': 'Urban/Feeder Route', 'route_type': 'Urban/Metropolitan Circuito', 'boarding_area': 'South Zone (Emiliano Zapata Sur/San Haroldo)', 'alighting_area': 'University/School/Work Area', 'payment_method': 'Card', 'fare_type': 'Regular', 'alt_fare_amount': 0, 'fare_amount_mxn': 12, 'trip_duration_minutes': 36, 'is_peak_hour': True, 'passenger_count': 54}
2025-11-26 03:16:14,921 - INFO - Event sent with the following information: {'transaction_id': 'e2407aa7-cfdf-4e2b-abf0-8d2a95848a06', 'transaction_date': '2024/05/17', 'transaction_time': '21:24:17', 'is_va_y_ven_system': True, 'service_provider': 'Va-y-Ven (ATY)', 'routes_vayven': 'Ie-Tram Corridor', 'routes_alt': 'Suburban/Connecting Route', 'route_type': 'Ie-Tram Corridor', 'boarding_area': 'Circuito Route Stop', 'alighting_area': 'South Zone (Emiliano Zapata Sur/San Haroldo)', 'payment_method': 'Card', 'fare_type': 'Student/Senior/Disability', 'alt_fare_amount': 0, 'fare_amount_mxn': 0, 'trip_duration_minutes': 30, 'is_peak_hour': False, 'passenger_count': 44}
2025-11-26 03:16:16,626 - INFO - Event sent with the following information: {'transaction_id': '001d22cb-a788-4b0b-8947-c044f57e7905', 'transaction_date': '2025/03/24', 'transaction_time': '16:51:03', 'is_va_y_ven_system': True, 'service_provider': 'Va-y-Ven (ATY)', 'routes_vayven': 'Ie-Tram Corridor', 'routes_alt': 'Urban/Feeder Route', 'route_type': 'Ie-Tram Corridor', 'boarding_area': 'East Zone (Vergel/Kanasín)', 'alighting_area': 'West Zone (Caucel/Juan Pablo II)', 'payment_method': 'QR', 'fare_type': 'Regular', 'alt_fare_amount': 0, 'fare_amount_mxn': 12, 'trip_duration_minutes': 19, 'is_peak_hour': False, 'passenger_count': 46}
2025-11-26 03:16:18,133 - INFO - Event sent with the following information: {'transaction_id': '6fbb7d0b-f7f1-413c-8251-601a18534208', 'transaction_date': '2021/11/21', 'transaction_time': '08:26:40', 'is_va_y_ven_system': False, 'service_provider': 'Traditional Bus Company', 'routes_vayven': 'Urban/Metropolitan Circuito', 'routes_alt': 'Suburban/Connecting Route', 'route_type': 'Suburban/Connecting Route', 'boarding_area': 'Centro (Downtown)', 'alighting_area': 'University/School/Work Area', 'payment_method': 'Card', 'fare_type': 'Student/Senior/Disability', 'alt_fare_amount': 2.5, 'fare_amount_mxn': 2.5, 'trip_duration_minutes': 120, 'is_peak_hour': False, 'passenger_count': 1}
2025-11-26 03:16:21,320 - INFO - Event sent with the following information: {'transaction_id': 'f3936ae9-89b0-40dd-a752-fa92aaacce66', 'transaction_date': '2022/05/25', 'transaction_time': '07:03:05', 'is_va_y_ven_system': True, 'service_provider': 'Va-y-Ven (ATY)', 'routes_vayven': 'Ie-Tram Corridor', 'routes_alt': 'Urban/Feeder Route', 'route_type': 'Ie-Tram Corridor', 'boarding_area': 'West Zone (Caucel/Juan Pablo II)', 'alighting_area': 'West Zone (Caucel/Juan Pablo II)', 'payment_method': 'QR', 'fare_type': 'Regular', 'alt_fare_amount': 0, 'fare_amount_mxn': 12, 'trip_duration_minutes': 16, 'is_peak_hour': False, 'passenger_count': 47}
2025-11-26 03:43:00,416 - INFO - <BrokerConnection client_id=kafka-python-producer-1, node_id=bootstrap-0 host=localhost:29092 <connecting> [IPv6 ('::1', 29092, 0, 0)]>: connecting to localhost:29092 [('::1', 29092, 0, 0) IPv6]
2025-11-26 03:43:00,423 - INFO - <BrokerConnection client_id=kafka-python-producer-1, node_id=bootstrap-0 host=localhost:29092 <checking_api_versions_recv> [IPv6 ('::1', 29092, 0, 0)]>: Broker version identified as 2.6
2025-11-26 03:43:00,424 - INFO - <BrokerConnection client_id=kafka-python-producer-1, node_id=bootstrap-0 host=localhost:29092 <connected> [IPv6 ('::1', 29092, 0, 0)]>: Connection complete.
2025-11-26 03:43:00,426 - INFO - Successfully connected to kafka producers in localhost:29092
2025-11-26 03:43:01,984 - INFO - <BrokerConnection client_id=kafka-python-producer-1, node_id=1 host=localhost:29092 <connecting> [IPv6 ('::1', 29092, 0, 0)]>: connecting to localhost:29092 [('::1', 29092, 0, 0) IPv6]
2025-11-26 03:43:01,986 - INFO - <BrokerConnection client_id=kafka-python-producer-1, node_id=1 host=localhost:29092 <connected> [IPv6 ('::1', 29092, 0, 0)]>: Connection complete.
2025-11-26 03:43:01,986 - INFO - <BrokerConnection client_id=kafka-python-producer-1, node_id=bootstrap-0 host=localhost:29092 <connected> [IPv6 ('::1', 29092, 0, 0)]>: Closing connection. 
2025-11-26 03:43:01,995 - INFO - Event sent with the following information: {'transaction_id': '7d3a3ffa-a9a7-4ce2-b5bd-06c5929f21f3', 'transaction_date': '2024/04/10', 'transaction_time': '09:47:52', 'is_va_y_ven_system': True, 'service_provider': 'Va-y-Ven (ATY)', 'routes_vayven': 'Urban/Metropolitan Circuito', 'routes_alt': 'Suburban/Connecting Route', 'route_type': 'Urban/Metropolitan Circuito', 'boarding_area': 'East Zone (Vergel/Kanasín)', 'alighting_area': 'East Zone (Vergel/Kanasín)', 'payment_method': 'QR', 'fare_type': 'Student/Senior/Disability', 'alt_fare_amount': 5, 'fare_amount_mxn': 5, 'trip_duration_minutes': 56, 'is_peak_hour': False, 'passenger_count': 82}
2025-11-26 03:43:03,794 - INFO - Event sent with the following information: {'transaction_id': '2341c45a-c3aa-49a6-9d5e-43c998f9106a', 'transaction_date': '2025/01/28', 'transaction_time': '08:37:22', 'is_va_y_ven_system': True, 'service_provider': 'Va-y-Ven (ATY)', 'routes_vayven': 'Urban/Metropolitan Circuito', 'routes_alt': 'Suburban/Connecting Route', 'route_type': 'Urban/Metropolitan Circuito', 'boarding_area': 'West Zone (Caucel/Juan Pablo II)', 'alighting_area': 'West Zone (Caucel/Juan Pablo II)', 'payment_method': 'Card', 'fare_type': 'Student/Senior/Disability', 'alt_fare_amount': 5, 'fare_amount_mxn': 5, 'trip_duration_minutes': 34, 'is_peak_hour': False, 'passenger_count': 26}
2025-11-26 03:43:05,275 - INFO - Event sent with the following information: {'transaction_id': '05c981c1-1dd3-401a-b534-4bab5f97fa62', 'transaction_date': '2023/06/06', 'transaction_time': '11:33:05', 'is_va_y_ven_system': True, 'service_provider': 'Va-y-Ven (ATY)', 'routes_vayven': 'Urban/Metropolitan Circuito', 'routes_alt': 'Suburban/Connecting Route', 'route_type': 'Urban/Metropolitan Circuito', 'boarding_area': 'South Zone (Emiliano Zapata Sur/San Haroldo)', 'alighting_area': 'East Zone (Vergel/Kanasín)', 'payment_method': 'Card', 'fare_type': 'Regular', 'alt_fare_amount': 5, 'fare_amount_mxn': 12, 'trip_duration_minutes': 82, 'is_peak_hour': False, 'passenger_count': 8}
2025-11-26 03:43:06,689 - INFO - Event sent with the following information: {'transaction_id': '3d29aa04-786a-472c-b41c-ad94c2078a9e', 'transaction_date': '2021/11/21', 'transaction_time': '09:46:15', 'is_va_y_ven_system': False, 'service_provider': 'Traditional Bus Company', 'routes_vayven': 'Urban/Metropolitan Circuito', 'routes_alt': 'Urban/Feeder Route', 'route_type': 'Urban/Feeder Route', 'boarding_area': 'West Zone (Caucel/Juan Pablo II)', 'alighting_area': 'North Zone (Altabrisa/Montejo)', 'payment_method': 'Card', 'fare_type': 'Student/Senior/Disability', 'alt_fare_amount': 0, 'fare_amount_mxn': 0, 'trip_duration_minutes': 51, 'is_peak_hour': False, 'passenger_count': 1}
2025-11-26 03:43:08,103 - INFO - Event sent with the following information: {'transaction_id': 'a7e5e8fb-4c80-4c68-974c-18f6a603d32b', 'transaction_date': '2022/06/11', 'transaction_time': '16:27:03', 'is_va_y_ven_system': True, 'service_provider': 'Va-y-Ven (ATY)', 'routes_vayven': 'Ie-Tram Corridor', 'routes_alt': 'Urban/Feeder Route', 'route_type': 'Ie-Tram Corridor', 'boarding_area': 'East Zone (Vergel/Kanasín)', 'alighting_area': 'University/School/Work Area', 'payment_method': 'QR', 'fare_type': 'Regular', 'alt_fare_amount': 5, 'fare_amount_mxn': 12, 'trip_duration_minutes': 42, 'is_peak_hour': False, 'passenger_count': 46}
2025-11-26 03:43:09,552 - INFO - Event sent with the following information: {'transaction_id': '68e78f60-2bf0-404b-b244-97394f26d7c0', 'transaction_date': '2025/01/18', 'transaction_time': '14:48:44', 'is_va_y_ven_system': True, 'service_provider': 'Va-y-Ven (ATY)', 'routes_vayven': 'Ie-Tram Corridor', 'routes_alt': 'Urban/Feeder Route', 'route_type': 'Ie-Tram Corridor', 'boarding_area': 'East Zone (Vergel/Kanasín)', 'alighting_area': 'West Zone (Caucel/Juan Pablo II)', 'payment_method': 'Card', 'fare_type': 'Student/Senior/Disability', 'alt_fare_amount': 0, 'fare_amount_mxn': 0, 'trip_duration_minutes': 45, 'is_peak_hour': False, 'passenger_count': 27}
2025-11-26 03:43:11,065 - INFO - Event sent with the following information: {'transaction_id': '5aa8b672-4401-42cb-9a82-05d1cee84d6f', 'transaction_date': '2023/03/27', 'transaction_time': '20:32:22', 'is_va_y_ven_system': True, 'service_provider': 'Va-y-Ven (ATY)', 'routes_vayven': 'Ie-Tram Corridor', 'routes_alt': 'Suburban/Connecting Route', 'route_type': 'Ie-Tram Corridor', 'boarding_area': 'East Zone (Vergel/Kanasín)', 'alighting_area': 'Centro (Downtown)', 'payment_method': 'Card', 'fare_type': 'Student/Senior/Disability', 'alt_fare_amount': 2.5, 'fare_amount_mxn': 2.5, 'trip_duration_minutes': 11, 'is_peak_hour': False, 'passenger_count': 83}
2025-11-26 03:43:12,468 - INFO - Event sent with the following information: {'transaction_id': 'b6d48f7c-d499-469c-859a-aba34b2d4939', 'transaction_date': '2021/05/15', 'transaction_time': '12:38:44', 'is_va_y_ven_system': False, 'service_provider': 'Traditional Bus Company', 'routes_vayven': 'Urban/Metropolitan Circuito', 'routes_alt': 'Suburban/Connecting Route', 'route_type': 'Suburban/Connecting Route', 'boarding_area': 'East Zone (Vergel/Kanasín)', 'alighting_area': 'Centro (Downtown)', 'payment_method': 'QR', 'fare_type': 'Student/Senior/Disability', 'alt_fare_amount': 0, 'fare_amount_mxn': 0, 'trip_duration_minutes': 117, 'is_peak_hour': False, 'passenger_count': 1}
2025-11-26 03:45:53,793 - INFO - <BrokerConnection client_id=kafka-python-producer-1, node_id=bootstrap-0 host=localhost:29092 <connecting> [IPv6 ('::1', 29092, 0, 0)]>: connecting to localhost:29092 [('::1', 29092, 0, 0) IPv6]
2025-11-26 03:45:53,799 - INFO - <BrokerConnection client_id=kafka-python-producer-1, node_id=bootstrap-0 host=localhost:29092 <checking_api_versions_recv> [IPv6 ('::1', 29092, 0, 0)]>: Broker version identified as 2.6
2025-11-26 03:45:53,800 - INFO - <BrokerConnection client_id=kafka-python-producer-1, node_id=bootstrap-0 host=localhost:29092 <connected> [IPv6 ('::1', 29092, 0, 0)]>: Connection complete.
2025-11-26 03:45:53,801 - INFO - Successfully connected to kafka producers in localhost:29092
2025-11-26 03:45:55,021 - INFO - <BrokerConnection client_id=kafka-python-producer-1, node_id=1 host=localhost:29092 <connecting> [IPv6 ('::1', 29092, 0, 0)]>: connecting to localhost:29092 [('::1', 29092, 0, 0) IPv6]
2025-11-26 03:45:55,022 - INFO - <BrokerConnection client_id=kafka-python-producer-1, node_id=1 host=localhost:29092 <connected> [IPv6 ('::1', 29092, 0, 0)]>: Connection complete.
2025-11-26 03:45:55,022 - INFO - <BrokerConnection client_id=kafka-python-producer-1, node_id=bootstrap-0 host=localhost:29092 <connected> [IPv6 ('::1', 29092, 0, 0)]>: Closing connection. 
2025-11-26 03:45:55,026 - INFO - Event sent with the following information: {'transaction_id': '65e1d13c-5d1d-42a7-becf-9f38d755416f', 'transaction_date': '2024/08/10', 'transaction_time': '06:39:36', 'is_va_y_ven_system': True, 'service_provider': 'Va-y-Ven (ATY)', 'routes_vayven': 'Ie-Tram Corridor', 'routes_alt': 'Suburban/Connecting Route', 'route_type': 'Ie-Tram Corridor', 'boarding_area': 'South Zone (Emiliano Zapata Sur/San Haroldo)', 'alighting_area': 'East Zone (Vergel/Kanasín)', 'payment_method': 'QR', 'fare_type': 'Student/Senior/Disability', 'alt_fare_amount': 5, 'fare_amount_mxn': 5, 'trip_duration_minutes': 11, 'is_peak_hour': False, 'passenger_count': 73}
2025-11-26 03:45:56,509 - INFO - Event sent with the following information: {'transaction_id': '3cd9711c-699d-4109-98f8-877de52cc553', 'transaction_date': '2021/02/21', 'transaction_time': '05:12:09', 'is_va_y_ven_system': False, 'service_provider': 'Traditional Bus Company', 'routes_vayven': 'Ie-Tram Corridor', 'routes_alt': 'Urban/Feeder Route', 'route_type': 'Urban/Feeder Route', 'boarding_area': 'East Zone (Vergel/Kanasín)', 'alighting_area': 'Centro (Downtown)', 'payment_method': 'QR', 'fare_type': 'Student/Senior/Disability', 'alt_fare_amount': 5, 'fare_amount_mxn': 5, 'trip_duration_minutes': 25, 'is_peak_hour': False, 'passenger_count': 1}
2025-11-26 03:45:58,313 - INFO - Event sent with the following information: {'transaction_id': 'b2b122e8-8378-4490-9dd9-fe1ad99ec2f4', 'transaction_date': '2024/06/22', 'transaction_time': '13:36:09', 'is_va_y_ven_system': True, 'service_provider': 'Va-y-Ven (ATY)', 'routes_vayven': 'Ie-Tram Corridor', 'routes_alt': 'Urban/Feeder Route', 'route_type': 'Ie-Tram Corridor', 'boarding_area': 'Centro (Downtown)', 'alighting_area': 'South Zone (Emiliano Zapata Sur/San Haroldo)', 'payment_method': 'QR', 'fare_type': 'Regular', 'alt_fare_amount': 2.5, 'fare_amount_mxn': 12, 'trip_duration_minutes': 29, 'is_peak_hour': False, 'passenger_count': 34}
2025-11-26 03:45:59,918 - INFO - Event sent with the following information: {'transaction_id': 'd5690bdb-2efe-4ada-b8d5-4d3e7f848497', 'transaction_date': '2024/06/12', 'transaction_time': '05:40:22', 'is_va_y_ven_system': True, 'service_provider': 'Va-y-Ven (ATY)', 'routes_vayven': 'Urban/Metropolitan Circuito', 'routes_alt': 'Suburban/Connecting Route', 'route_type': 'Urban/Metropolitan Circuito', 'boarding_area': 'Centro (Downtown)', 'alighting_area': 'University/School/Work Area', 'payment_method': 'Card', 'fare_type': 'Regular', 'alt_fare_amount': 5, 'fare_amount_mxn': 12, 'trip_duration_minutes': 43, 'is_peak_hour': False, 'passenger_count': 43}
2025-11-26 03:46:01,627 - INFO - Event sent with the following information: {'transaction_id': '82539e0b-b315-4cd9-bed7-e67f969ca7db', 'transaction_date': '2025/08/05', 'transaction_time': '21:24:08', 'is_va_y_ven_system': True, 'service_provider': 'Va-y-Ven (ATY)', 'routes_vayven': 'Urban/Metropolitan Circuito', 'routes_alt': 'Suburban/Connecting Route', 'route_type': 'Urban/Metropolitan Circuito', 'boarding_area': 'South Zone (Emiliano Zapata Sur/San Haroldo)', 'alighting_area': 'East Zone (Vergel/Kanasín)', 'payment_method': 'QR', 'fare_type': 'Student/Senior/Disability', 'alt_fare_amount': 5, 'fare_amount_mxn': 5, 'trip_duration_minutes': 71, 'is_peak_hour': False, 'passenger_count': 22}
2025-11-26 03:46:03,181 - INFO - Event sent with the following information: {'transaction_id': '5953c998-507f-424e-9eba-8478f639cb26', 'transaction_date': '2025/05/17', 'transaction_time': '09:03:19', 'is_va_y_ven_system': True, 'service_provider': 'Va-y-Ven (ATY)', 'routes_vayven': 'Ie-Tram Corridor', 'routes_alt': 'Suburban/Connecting Route', 'route_type': 'Ie-Tram Corridor', 'boarding_area': 'West Zone (Caucel/Juan Pablo II)', 'alighting_area': 'Centro (Downtown)', 'payment_method': 'Card', 'fare_type': 'Regular', 'alt_fare_amount': 2.5, 'fare_amount_mxn': 12, 'trip_duration_minutes': 30, 'is_peak_hour': False, 'passenger_count': 72}
2025-11-26 03:46:04,656 - INFO - Event sent with the following information: {'transaction_id': '4c25b62f-934c-4239-9044-731513205298', 'transaction_date': '2023/06/06', 'transaction_time': '08:03:55', 'is_va_y_ven_system': True, 'service_provider': 'Va-y-Ven (ATY)', 'routes_vayven': 'Urban/Metropolitan Circuito', 'routes_alt': 'Urban/Feeder Route', 'route_type': 'Urban/Metropolitan Circuito', 'boarding_area': 'Circuito Route Stop', 'alighting_area': 'North Zone (Altabrisa/Montejo)', 'payment_method': 'QR', 'fare_type': 'Regular', 'alt_fare_amount': 5, 'fare_amount_mxn': 12, 'trip_duration_minutes': 81, 'is_peak_hour': False, 'passenger_count': 48}
2025-11-26 03:46:06,278 - INFO - Event sent with the following information: {'transaction_id': '90c11c1c-7911-4cd7-88c6-ede2b3b20d11', 'transaction_date': '2023/05/16', 'transaction_time': '06:39:02', 'is_va_y_ven_system': True, 'service_provider': 'Va-y-Ven (ATY)', 'routes_vayven': 'Ie-Tram Corridor', 'routes_alt': 'Urban/Feeder Route', 'route_type': 'Ie-Tram Corridor', 'boarding_area': 'West Zone (Caucel/Juan Pablo II)', 'alighting_area': 'East Zone (Vergel/Kanasín)', 'payment_method': 'QR', 'fare_type': 'Student/Senior/Disability', 'alt_fare_amount': 2.5, 'fare_amount_mxn': 2.5, 'trip_duration_minutes': 45, 'is_peak_hour': False, 'passenger_count': 36}
2025-11-26 03:46:06,779 - INFO - Cleaning up producer resources...
2025-11-26 03:46:06,779 - INFO - <KafkaProducer client_id=kafka-python-producer-1 transactional_id=None>: Closing the Kafka producer with 4294967.0 secs timeout.
2025-11-26 03:46:06,780 - INFO - <BrokerConnection client_id=kafka-python-producer-1, node_id=1 host=localhost:29092 <connected> [IPv6 ('::1', 29092, 0, 0)]>: Closing connection. 
2025-11-26 03:46:06,781 - INFO - Producer shutdown complete
